<?xml version="1.0" encoding="UTF-8" ?>
<testsuite errors="1" failures="0" hostname="ubuntu-info-19" name="com.rpouiller.TestThrowable" skipped="0" tests="1" time="0.0" timestamp="2019-09-13T10:09:52">
  <properties>
[...]
</properties>
  <error message="com.rpouiller.TestThrowable" type="java.lang.ClassNotFoundException">java.lang.ClassNotFoundException: com.rpouiller.TestThrowable
	at java.base/jdk.internal.loader.BuiltinClassLoader.loadClass(BuiltinClassLoader.java:583)
	at java.base/jdk.internal.loader.ClassLoaders$AppClassLoader.loadClass(ClassLoaders.java:178)
	at java.base/java.lang.ClassLoader.loadClass(ClassLoader.java:521)
	at java.base/java.lang.Class.forName0(Native Method)
	at java.base/java.lang.Class.forName(Class.java:415)
</error>
  <system-out><![CDATA[]]></system-out>
  <system-err><![CDATA[]]></system-err>
</testsuite>
